#
# There is insufficient memory for the Java Runtime Environment to continue.
# Native memory allocation (mmap) failed to map 322961408 bytes for G1 virtual space
# Possible reasons:
#   The system is out of physical RAM or swap space
#   The process is running with CompressedOops enabled, and the Java Heap may be blocking the growth of the native heap
# Possible solutions:
#   Reduce memory load on the system
#   Increase physical memory or swap space
#   Check if swap backing store is full
#   Decrease Java heap size (-Xmx/-Xms)
#   Decrease number of Java threads
#   Decrease Java thread stack sizes (-Xss)
#   Set larger code cache with -XX:ReservedCodeCacheSize=
#   JVM is running with Unscaled Compressed Oops mode in which the Java heap is
#     placed in the first 4GB address space. The Java Heap base address is the
#     maximum limit for the native heap growth. Please use -XX:HeapBaseMinAddress
#     to set the Java Heap base and to place the Java Heap above 4GB virtual address.
# This output file may be truncated or incomplete.
#
#  Out of Memory Error (os_windows.cpp:3548), pid=19160, tid=11192
#
# JRE version: Java(TM) SE Runtime Environment (17.0.11+7) (build 17.0.11+7-LTS-207)
# Java VM: Java HotSpot(TM) 64-Bit Server VM (17.0.11+7-LTS-207, mixed mode, sharing, tiered, compressed oops, compressed class ptrs, g1 gc, windows-amd64)
# No core dump will be written. Minidumps are not enabled by default on client versions of Windows
#

---------------  S U M M A R Y ------------

Command Line: -XX:MaxMetaspaceSize=512m --add-opens=java.base/java.util=ALL-UNNAMED --add-opens=java.base/java.lang=ALL-UNNAMED --add-opens=java.base/java.lang.invoke=ALL-UNNAMED --add-opens=java.prefs/java.util.prefs=ALL-UNNAMED --add-exports=jdk.compiler/com.sun.tools.javac.api=ALL-UNNAMED --add-exports=jdk.compiler/com.sun.tools.javac.util=ALL-UNNAMED --add-opens=java.base/java.nio.charset=ALL-UNNAMED --add-opens=java.base/java.net=ALL-UNNAMED --add-opens=java.base/java.util.concurrent.atomic=ALL-UNNAMED -Xmx2048m -Dfile.encoding=windows-1252 -Duser.country=US -Duser.language=en -Duser.variant -javaagent:C:\Users\ASUS\.gradle\wrapper\dists\gradle-8.10.2-all\7iv73wktx1xtkvlq19urqw1wm\gradle-8.10.2\lib\agents\gradle-instrumentation-agent-8.10.2.jar org.gradle.launcher.daemon.bootstrap.GradleDaemon 8.10.2

Host: Intel(R) Core(TM) i3-1005G1 CPU @ 1.20GHz, 4 cores, 3G,  Windows 11 , 64 bit Build 22621 (10.0.22621.4391)
Time: Fri Dec 27 23:38:44 2024 SE Asia Standard Time elapsed time: 96.152446 seconds (0d 0h 1m 36s)

---------------  T H R E A D  ---------------

Current thread (0x000002abe6446a40):  VMThread "VM Thread" [stack: 0x000000da2ae00000,0x000000da2af00000] [id=11192]

Stack: [0x000000da2ae00000,0x000000da2af00000]
Native frames: (J=compiled Java code, j=interpreted, Vv=VM code, C=native code)
V  [jvm.dll+0x679cca]
V  [jvm.dll+0x7da13d]
V  [jvm.dll+0x7dba83]
V  [jvm.dll+0x7dc0f3]
V  [jvm.dll+0x2449af]
V  [jvm.dll+0x676ce9]
V  [jvm.dll+0x66b852]
V  [jvm.dll+0x3018d6]
V  [jvm.dll+0x308e76]
V  [jvm.dll+0x3596ee]
V  [jvm.dll+0x35991f]
V  [jvm.dll+0x2d89a8]
V  [jvm.dll+0x2d6ddd]
V  [jvm.dll+0x2d642c]
V  [jvm.dll+0x319f8b]
V  [jvm.dll+0x7e09eb]
V  [jvm.dll+0x7e1724]
V  [jvm.dll+0x7e1c3d]
V  [jvm.dll+0x7e2014]
V  [jvm.dll+0x7e20e0]
V  [jvm.dll+0x78a85a]
V  [jvm.dll+0x678bb5]
C  [ucrtbase.dll+0x29333]
C  [KERNEL32.DLL+0x1259d]
C  [ntdll.dll+0x5af38]

VM_Operation (0x000000da2c5eeb60): G1CollectForAllocation, mode: safepoint, requested by thread 0x000002abe64aa3d0


---------------  P R O C E S S  ---------------

Threads class SMR info:
_java_thread_list=0x000002abee239390, length=91, elements={
0x000002abc8b25120, 0x000002abe64493f0, 0x000002abe6449fb0, 0x000002abe645f9a0,
0x000002abe6462470, 0x000002abe6462e30, 0x000002abe646ad10, 0x000002abe6473ac0,
0x000002abe6476980, 0x000002abe64a8570, 0x000002abe64a8f90, 0x000002abe64a94a0,
0x000002abe64a8a80, 0x000002abe64a99b0, 0x000002abe64aadf0, 0x000002abe64a9ec0,
0x000002abe64ab300, 0x000002abe64a7b50, 0x000002abe64aa3d0, 0x000002abe667fa30,
0x000002abe6680960, 0x000002abe667e0e0, 0x000002abe667f520, 0x000002abe667ff40,
0x000002abe6680e70, 0x000002abe667eb00, 0x000002abe6680450, 0x000002abe6681380,
0x000002abe6681890, 0x000002abe667dbd0, 0x000002abe667e5f0, 0x000002abe667c280,
0x000002abe667d1b0, 0x000002abe667bd70, 0x000002abe667b350, 0x000002abe667d6c0,
0x000002abe6681da0, 0x000002abe667c790, 0x000002abe667a930, 0x000002abe66822b0,
0x000002abe667b860, 0x000002abe64a8060, 0x000002abec6f0040, 0x000002abec6f32e0,
0x000002abec6f2dd0, 0x000002abec6f0550, 0x000002abec6f1ea0, 0x000002abec6f37f0,
0x000002abec6f1990, 0x000002abec6f0f70, 0x000002abec6f0a60, 0x000002abec6f28c0,
0x000002abee0497f0, 0x000002abee044c00, 0x000002abee049d00, 0x000002abee0488c0,
0x000002abee045110, 0x000002abee04b650, 0x000002abee046a60, 0x000002abee04a720,
0x000002abee047480, 0x000002abee04a210, 0x000002abee04ac30, 0x000002abee04bb60,
0x000002abee04b140, 0x000002abee048dd0, 0x000002abee04c580, 0x000002abee045b30,
0x000002abee045620, 0x000002abee047990, 0x000002abee046f70, 0x000002abee046040,
0x000002abee046550, 0x000002abecfb0290, 0x000002abecfb62c0, 0x000002abecfafd80,
0x000002abecfb5390, 0x000002abecfb3f50, 0x000002abecfb11c0, 0x000002abecfb07a0,
0x000002abecfb3020, 0x000002abecfb16d0, 0x000002abecfb2600, 0x000002abecfb4460,
0x000002abecfb1be0, 0x000002abecfb67d0, 0x000002abecfb2b10, 0x000002abecfb3530,
0x000002abecfb4970, 0x000002abecfb6ce0, 0x000002abecfb5db0
}

Java Threads: ( => current thread )
  0x000002abc8b25120 JavaThread "main" [_thread_blocked, id=16376, stack(0x000000da2a800000,0x000000da2a900000)]
  0x000002abe64493f0 JavaThread "Reference Handler" daemon [_thread_blocked, id=16760, stack(0x000000da2af00000,0x000000da2b000000)]
  0x000002abe6449fb0 JavaThread "Finalizer" daemon [_thread_blocked, id=8808, stack(0x000000da2b000000,0x000000da2b100000)]
  0x000002abe645f9a0 JavaThread "Signal Dispatcher" daemon [_thread_blocked, id=12240, stack(0x000000da2b100000,0x000000da2b200000)]
  0x000002abe6462470 JavaThread "Attach Listener" daemon [_thread_blocked, id=11312, stack(0x000000da2b200000,0x000000da2b300000)]
  0x000002abe6462e30 JavaThread "Service Thread" daemon [_thread_blocked, id=14216, stack(0x000000da2b300000,0x000000da2b400000)]
  0x000002abe646ad10 JavaThread "Monitor Deflation Thread" daemon [_thread_blocked, id=6228, stack(0x000000da2b400000,0x000000da2b500000)]
  0x000002abe6473ac0 JavaThread "C2 CompilerThread0" daemon [_thread_blocked, id=8488, stack(0x000000da2b500000,0x000000da2b600000)]
  0x000002abe6476980 JavaThread "C1 CompilerThread0" daemon [_thread_blocked, id=4536, stack(0x000000da2b600000,0x000000da2b700000)]
  0x000002abe64a8570 JavaThread "Sweeper thread" daemon [_thread_blocked, id=8152, stack(0x000000da2b700000,0x000000da2b800000)]
  0x000002abe64a8f90 JavaThread "Common-Cleaner" daemon [_thread_blocked, id=14248, stack(0x000000da2b800000,0x000000da2b900000)]
  0x000002abe64a94a0 JavaThread "Notification Thread" daemon [_thread_blocked, id=252, stack(0x000000da2b900000,0x000000da2ba00000)]
  0x000002abe64a8a80 JavaThread "Daemon health stats" [_thread_blocked, id=8272, stack(0x000000da2bf00000,0x000000da2c000000)]
  0x000002abe64a99b0 JavaThread "Incoming local TCP Connector on port 49966" [_thread_in_native, id=14716, stack(0x000000da2c000000,0x000000da2c100000)]
  0x000002abe64aadf0 JavaThread "Daemon periodic checks" [_thread_blocked, id=5624, stack(0x000000da2c100000,0x000000da2c200000)]
  0x000002abe64a9ec0 JavaThread "Daemon" [_thread_blocked, id=14604, stack(0x000000da2c200000,0x000000da2c300000)]
  0x000002abe64ab300 JavaThread "Handler for socket connection from /127.0.0.1:49966 to /127.0.0.1:49967" [_thread_in_native, id=15980, stack(0x000000da2c300000,0x000000da2c400000)]
  0x000002abe64a7b50 JavaThread "Cancel handler" [_thread_blocked, id=18872, stack(0x000000da2c400000,0x000000da2c500000)]
  0x000002abe64aa3d0 JavaThread "Daemon worker" [_thread_blocked, id=8036, stack(0x000000da2c500000,0x000000da2c600000)]
  0x000002abe667fa30 JavaThread "Asynchronous log dispatcher for DefaultDaemonConnection: socket connection from /127.0.0.1:49966 to /127.0.0.1:49967" [_thread_blocked, id=6992, stack(0x000000da2c600000,0x000000da2c700000)]
  0x000002abe6680960 JavaThread "Stdin handler" [_thread_blocked, id=12864, stack(0x000000da2c700000,0x000000da2c800000)]
  0x000002abe667e0e0 JavaThread "Daemon client event forwarder" [_thread_blocked, id=5568, stack(0x000000da2c800000,0x000000da2c900000)]
  0x000002abe667f520 JavaThread "Cache worker for journal cache (C:\Users\ASUS\.gradle\caches\journal-1)" [_thread_blocked, id=11672, stack(0x000000da2c900000,0x000000da2ca00000)]
  0x000002abe667ff40 JavaThread "File lock request listener" [_thread_in_native, id=6724, stack(0x000000da2ca00000,0x000000da2cb00000)]
  0x000002abe6680e70 JavaThread "Cache worker for file hash cache (C:\Users\ASUS\.gradle\caches\8.10.2\fileHashes)" [_thread_blocked, id=16876, stack(0x000000da2cb00000,0x000000da2cc00000)]
  0x000002abe667eb00 JavaThread "Cache worker for file hash cache (C:\Users\ASUS\C\android\.gradle\8.10.2\fileHashes)" [_thread_blocked, id=1708, stack(0x000000da2cc00000,0x000000da2cd00000)]
  0x000002abe6680450 JavaThread "Cache worker for Build Output Cleanup Cache (C:\Users\ASUS\C\android\.gradle\buildOutputCleanup)" [_thread_blocked, id=6316, stack(0x000000da2cd00000,0x000000da2ce00000)]
  0x000002abe6681380 JavaThread "File watcher server" daemon [_thread_blocked, id=18500, stack(0x000000da2ce00000,0x000000da2cf00000)]
  0x000002abe6681890 JavaThread "File watcher consumer" daemon [_thread_blocked, id=16332, stack(0x000000da2cf00000,0x000000da2d000000)]
  0x000002abe667dbd0 JavaThread "Cache worker for checksums cache (C:\Users\ASUS\C\android\.gradle\8.10.2\checksums)" [_thread_blocked, id=7804, stack(0x000000da2d000000,0x000000da2d100000)]
  0x000002abe667e5f0 JavaThread "Cache worker for file content cache (C:\Users\ASUS\.gradle\caches\8.10.2\fileContent)" [_thread_blocked, id=10232, stack(0x000000da2d100000,0x000000da2d200000)]
  0x000002abe667c280 JavaThread "Cache worker for cache directory md-rule (C:\Users\ASUS\.gradle\caches\8.10.2\md-rule)" [_thread_blocked, id=15848, stack(0x000000da2d200000,0x000000da2d300000)]
  0x000002abe667d1b0 JavaThread "Cache worker for cache directory md-supplier (C:\Users\ASUS\.gradle\caches\8.10.2\md-supplier)" [_thread_blocked, id=11396, stack(0x000000da2d300000,0x000000da2d400000)]
  0x000002abe667bd70 JavaThread "jar transforms" [_thread_blocked, id=2100, stack(0x000000da2d400000,0x000000da2d500000)]
  0x000002abe667b350 JavaThread "Cache worker for Build Output Cleanup Cache (C:\Users\ASUS\C\node_modules\@react-native\gradle-plugin\.gradle\buildOutputCleanup)" [_thread_blocked, id=8180, stack(0x000000da2d500000,0x000000da2d600000)]
  0x000002abe667d6c0 JavaThread "Unconstrained build operations" [_thread_blocked, id=16904, stack(0x000000da2d600000,0x000000da2d700000)]
  0x000002abe6681da0 JavaThread "Unconstrained build operations Thread 2" [_thread_blocked, id=12788, stack(0x000000da2d700000,0x000000da2d800000)]
  0x000002abe667c790 JavaThread "Unconstrained build operations Thread 3" [_thread_blocked, id=4128, stack(0x000000da2d800000,0x000000da2d900000)]
  0x000002abe667a930 JavaThread "Unconstrained build operations Thread 4" [_thread_blocked, id=11164, stack(0x000000da2d900000,0x000000da2da00000)]
  0x000002abe66822b0 JavaThread "Unconstrained build operations Thread 5" [_thread_blocked, id=18856, stack(0x000000da2da00000,0x000000da2db00000)]
  0x000002abe667b860 JavaThread "Unconstrained build operations Thread 6" [_thread_blocked, id=13404, stack(0x000000da2db00000,0x000000da2dc00000)]
  0x000002abe64a8060 JavaThread "Unconstrained build operations Thread 7" [_thread_blocked, id=5992, stack(0x000000da2dc00000,0x000000da2dd00000)]
  0x000002abec6f0040 JavaThread "Unconstrained build operations Thread 8" [_thread_blocked, id=18928, stack(0x000000da2dd00000,0x000000da2de00000)]
  0x000002abec6f32e0 JavaThread "Unconstrained build operations Thread 9" [_thread_blocked, id=12964, stack(0x000000da2de00000,0x000000da2df00000)]
  0x000002abec6f2dd0 JavaThread "Unconstrained build operations Thread 10" [_thread_blocked, id=1644, stack(0x000000da2df00000,0x000000da2e000000)]
  0x000002abec6f0550 JavaThread "Unconstrained build operations Thread 11" [_thread_blocked, id=14928, stack(0x000000da2e000000,0x000000da2e100000)]
  0x000002abec6f1ea0 JavaThread "Unconstrained build operations Thread 12" [_thread_blocked, id=6824, stack(0x000000da2e100000,0x000000da2e200000)]
  0x000002abec6f37f0 JavaThread "Unconstrained build operations Thread 13" [_thread_blocked, id=8032, stack(0x000000da2e200000,0x000000da2e300000)]
  0x000002abec6f1990 JavaThread "Unconstrained build operations Thread 14" [_thread_blocked, id=3032, stack(0x000000da2e300000,0x000000da2e400000)]
  0x000002abec6f0f70 JavaThread "Unconstrained build operations Thread 15" [_thread_blocked, id=18736, stack(0x000000da2e400000,0x000000da2e500000)]
  0x000002abec6f0a60 JavaThread "Memory manager" [_thread_blocked, id=19132, stack(0x000000da2e700000,0x000000da2e800000)]
  0x000002abec6f28c0 JavaThread "build event listener" [_thread_blocked, id=18072, stack(0x000000da2e800000,0x000000da2e900000)]
  0x000002abee0497f0 JavaThread "ForkJoinPool.commonPool-worker-1" daemon [_thread_blocked, id=17664, stack(0x000000da2e900000,0x000000da2ea00000)]
  0x000002abee044c00 JavaThread "ForkJoinPool.commonPool-worker-2" daemon [_thread_blocked, id=17848, stack(0x000000da2ea00000,0x000000da2eb00000)]
  0x000002abee049d00 JavaThread "ForkJoinPool.commonPool-worker-3" daemon [_thread_blocked, id=13496, stack(0x000000da2eb00000,0x000000da2ec00000)]
  0x000002abee0488c0 JavaThread "Exec process" [_thread_blocked, id=14324, stack(0x000000da2ec00000,0x000000da2ed00000)]
  0x000002abee045110 JavaThread "Exec process Thread 2" [_thread_blocked, id=12828, stack(0x000000da2ed00000,0x000000da2ee00000)]
  0x000002abee04b650 JavaThread "Exec process Thread 3" [_thread_blocked, id=6232, stack(0x000000da2ee00000,0x000000da2ef00000)]
  0x000002abee046a60 JavaThread "included builds" [_thread_blocked, id=2128, stack(0x000000da2ef00000,0x000000da2f000000)]
  0x000002abee04a720 JavaThread "Execution worker" [_thread_blocked, id=16364, stack(0x000000da2f000000,0x000000da2f100000)]
  0x000002abee047480 JavaThread "Execution worker Thread 2" [_thread_blocked, id=2480, stack(0x000000da2f100000,0x000000da2f200000)]
  0x000002abee04a210 JavaThread "Execution worker Thread 3" [_thread_blocked, id=15036, stack(0x000000da2f200000,0x000000da2f300000)]
  0x000002abee04ac30 JavaThread "Cache worker for execution history cache (C:\Users\ASUS\C\node_modules\@react-native\gradle-plugin\.gradle\8.10.2\executionHistory)" [_thread_blocked, id=12624, stack(0x000000da2f300000,0x000000da2f400000)]
  0x000002abee04bb60 JavaThread "Unconstrained build operations Thread 16" [_thread_blocked, id=16204, stack(0x000000da2a500000,0x000000da2a600000)]
  0x000002abee04b140 JavaThread "Unconstrained build operations Thread 17" [_thread_blocked, id=13764, stack(0x000000da2a600000,0x000000da2a700000)]
  0x000002abee048dd0 JavaThread "Unconstrained build operations Thread 18" [_thread_blocked, id=2396, stack(0x000000da2a700000,0x000000da2a800000)]
  0x000002abee04c580 JavaThread "Unconstrained build operations Thread 19" [_thread_blocked, id=17140, stack(0x000000da2f400000,0x000000da2f500000)]
  0x000002abee045b30 JavaThread "Unconstrained build operations Thread 20" [_thread_blocked, id=14352, stack(0x000000da2f500000,0x000000da2f600000)]
  0x000002abee045620 JavaThread "Unconstrained build operations Thread 21" [_thread_blocked, id=16908, stack(0x000000da2f600000,0x000000da2f700000)]
  0x000002abee047990 JavaThread "Unconstrained build operations Thread 22" [_thread_blocked, id=17844, stack(0x000000da2f700000,0x000000da2f800000)]
  0x000002abee046f70 JavaThread "Unconstrained build operations Thread 23" [_thread_blocked, id=7780, stack(0x000000da2f800000,0x000000da2f900000)]
  0x000002abee046040 JavaThread "Unconstrained build operations Thread 24" [_thread_blocked, id=2544, stack(0x000000da2f900000,0x000000da2fa00000)]
  0x000002abee046550 JavaThread "Unconstrained build operations Thread 25" [_thread_blocked, id=16156, stack(0x000000da2fa00000,0x000000da2fb00000)]
  0x000002abecfb0290 JavaThread "Unconstrained build operations Thread 26" [_thread_blocked, id=7784, stack(0x000000da2fb00000,0x000000da2fc00000)]
  0x000002abecfb62c0 JavaThread "Unconstrained build operations Thread 27" [_thread_blocked, id=14988, stack(0x000000da2fc00000,0x000000da2fd00000)]
  0x000002abecfafd80 JavaThread "Unconstrained build operations Thread 28" [_thread_blocked, id=18888, stack(0x000000da2fd00000,0x000000da2fe00000)]
  0x000002abecfb5390 JavaThread "Unconstrained build operations Thread 29" [_thread_blocked, id=19116, stack(0x000000da2fe00000,0x000000da2ff00000)]
  0x000002abecfb3f50 JavaThread "Unconstrained build operations Thread 30" [_thread_blocked, id=12196, stack(0x000000da2ff00000,0x000000da30000000)]
  0x000002abecfb11c0 JavaThread "Unconstrained build operations Thread 31" [_thread_blocked, id=128, stack(0x000000da30000000,0x000000da30100000)]
  0x000002abecfb07a0 JavaThread "Unconstrained build operations Thread 32" [_thread_blocked, id=16548, stack(0x000000da30100000,0x000000da30200000)]
  0x000002abecfb3020 JavaThread "Unconstrained build operations Thread 33" [_thread_blocked, id=15568, stack(0x000000da30200000,0x000000da30300000)]
  0x000002abecfb16d0 JavaThread "Unconstrained build operations Thread 34" [_thread_blocked, id=1444, stack(0x000000da30300000,0x000000da30400000)]
  0x000002abecfb2600 JavaThread "Unconstrained build operations Thread 35" [_thread_blocked, id=16528, stack(0x000000da30400000,0x000000da30500000)]
  0x000002abecfb4460 JavaThread "Unconstrained build operations Thread 36" [_thread_blocked, id=14016, stack(0x000000da30500000,0x000000da30600000)]
  0x000002abecfb1be0 JavaThread "jar transforms Thread 2" [_thread_blocked, id=18460, stack(0x000000da30600000,0x000000da30700000)]
  0x000002abecfb67d0 JavaThread "jar transforms Thread 3" [_thread_blocked, id=14732, stack(0x000000da30700000,0x000000da30800000)]
  0x000002abecfb2b10 JavaThread "Unconstrained build operations Thread 37" [_thread_blocked, id=8108, stack(0x000000da30800000,0x000000da30900000)]
  0x000002abecfb3530 JavaThread "Unconstrained build operations Thread 38" [_thread_blocked, id=19056, stack(0x000000da30900000,0x000000da30a00000)]
  0x000002abecfb4970 JavaThread "Unconstrained build operations Thread 39" [_thread_blocked, id=17924, stack(0x000000da30a00000,0x000000da30b00000)]
  0x000002abecfb6ce0 JavaThread "Unconstrained build operations Thread 40" [_thread_blocked, id=14076, stack(0x000000da30b00000,0x000000da30c00000)]
  0x000002abecfb5db0 JavaThread "jar transforms Thread 4" [_thread_blocked, id=18272, stack(0x000000da30c00000,0x000000da30d00000)]

Other Threads:
=>0x000002abe6446a40 VMThread "VM Thread" [stack: 0x000000da2ae00000,0x000000da2af00000] [id=11192]
  0x000002abe644ec20 WatcherThread [stack: 0x000000da2ba00000,0x000000da2bb00000] [id=9460]
  0x000002abc8b79880 GCTaskThread "GC Thread#0" [stack: 0x000000da2a900000,0x000000da2aa00000] [id=16164]
  0x000002abe686eb10 GCTaskThread "GC Thread#1" [stack: 0x000000da2bb00000,0x000000da2bc00000] [id=14904]
  0x000002abe6801750 GCTaskThread "GC Thread#2" [stack: 0x000000da2bc00000,0x000000da2bd00000] [id=18784]
  0x000002abeb322e40 GCTaskThread "GC Thread#3" [stack: 0x000000da2bd00000,0x000000da2be00000] [id=1436]
  0x000002abc8b8b110 ConcurrentGCThread "G1 Main Marker" [stack: 0x000000da2aa00000,0x000000da2ab00000] [id=14932]
  0x000002abc8b8c1d0 ConcurrentGCThread "G1 Conc#0" [stack: 0x000000da2ab00000,0x000000da2ac00000] [id=14440]
  0x000002abe6310090 ConcurrentGCThread "G1 Refine#0" [stack: 0x000000da2ac00000,0x000000da2ad00000] [id=17440]
  0x000002abeb36aa90 ConcurrentGCThread "G1 Refine#1" [stack: 0x000000da2be00000,0x000000da2bf00000] [id=14644]
  0x000002abe6310ac0 ConcurrentGCThread "G1 Service" [stack: 0x000000da2ad00000,0x000000da2ae00000] [id=18884]

Threads with active compile tasks:

VM state: at safepoint (normal execution)

VM Mutex/Monitor currently owned by a thread:  ([mutex/lock_event])
[0x000002abc8b1f190] Threads_lock - owner thread: 0x000002abe6446a40
[0x000002abc8b1f220] Heap_lock - owner thread: 0x000002abe64aa3d0

Heap address: 0x0000000080000000, size: 2048 MB, Compressed Oops mode: 32-bit

CDS archive(s) mapped at: [0x000002ab80000000-0x000002ab80bd0000-0x000002ab80bd0000), size 12386304, SharedBaseAddress: 0x000002ab80000000, ArchiveRelocationMode: 1.
Compressed class space mapped at: 0x000002ab81000000-0x000002ab9b000000, reserved size: 436207616
Narrow klass base: 0x000002ab80000000, Narrow klass shift: 0, Narrow klass range: 0x100000000

GC Precious Log:
 CPUs: 4 total, 4 available
 Memory: 3901M
 Large Page Support: Disabled
 NUMA Support: Disabled
 Compressed Oops: Enabled (32-bit)
 Heap Region Size: 1M
 Heap Min Capacity: 8M
 Heap Initial Capacity: 62M
 Heap Max Capacity: 2G
 Pre-touch: Disabled
 Parallel Workers: 4
 Concurrent Workers: 1
 Concurrent Refinement Workers: 4
 Periodic GC: Disabled

Heap:
 garbage-first heap   total 157696K, used 103539K [0x0000000080000000, 0x0000000100000000)
  region size 1024K, 5 young (5120K), 5 survivors (5120K)
 Metaspace       used 84323K, committed 85184K, reserved 557056K
  class space    used 11577K, committed 11968K, reserved 425984K

Heap Regions: E=young(eden), S=young(survivor), O=old, HS=humongous(starts), HC=humongous(continues), CS=collection set, F=free, OA=open archive, CA=closed archive, TAMS=top-at-mark-start (previous, next)
|   0|0x0000000080000000, 0x0000000080100000, 0x0000000080100000|100%|HS|  |TAMS 0x0000000080100000, 0x0000000080000000| Complete 
|   1|0x0000000080100000, 0x0000000080200000, 0x0000000080200000|100%|HC|  |TAMS 0x0000000080200000, 0x0000000080100000| Complete 
|   2|0x0000000080200000, 0x0000000080300000, 0x0000000080300000|100%|HC|  |TAMS 0x0000000080300000, 0x0000000080200000| Complete 
|   3|0x0000000080300000, 0x0000000080400000, 0x0000000080400000|100%|HC|  |TAMS 0x0000000080400000, 0x0000000080300000| Complete 
|   4|0x0000000080400000, 0x0000000080500000, 0x0000000080500000|100%| O|  |TAMS 0x0000000080500000, 0x0000000080400000| Untracked 
|   5|0x0000000080500000, 0x0000000080600000, 0x0000000080600000|100%|HS|  |TAMS 0x0000000080600000, 0x0000000080500000| Complete 
|   6|0x0000000080600000, 0x0000000080700000, 0x0000000080700000|100%| O|  |TAMS 0x0000000080700000, 0x0000000080600000| Untracked 
|   7|0x0000000080700000, 0x0000000080800000, 0x0000000080800000|100%| O|  |TAMS 0x0000000080800000, 0x0000000080700000| Untracked 
|   8|0x0000000080800000, 0x0000000080900000, 0x0000000080900000|100%| O|  |TAMS 0x0000000080900000, 0x0000000080800000| Untracked 
|   9|0x0000000080900000, 0x0000000080a00000, 0x0000000080a00000|100%|HS|  |TAMS 0x0000000080a00000, 0x0000000080900000| Complete 
|  10|0x0000000080a00000, 0x0000000080b00000, 0x0000000080b00000|100%| O|  |TAMS 0x0000000080b00000, 0x0000000080a00000| Untracked 
|  11|0x0000000080b00000, 0x0000000080c00000, 0x0000000080c00000|100%| O|  |TAMS 0x0000000080c00000, 0x0000000080b00000| Untracked 
|  12|0x0000000080c00000, 0x0000000080d00000, 0x0000000080d00000|100%| O|  |TAMS 0x0000000080d00000, 0x0000000080c00000| Untracked 
|  13|0x0000000080d00000, 0x0000000080e00000, 0x0000000080e00000|100%| O|  |TAMS 0x0000000080e00000, 0x0000000080d00000| Untracked 
|  14|0x0000000080e00000, 0x0000000080f00000, 0x0000000080f00000|100%| O|  |TAMS 0x0000000080f00000, 0x0000000080e00000| Untracked 
|  15|0x0000000080f00000, 0x0000000081000000, 0x0000000081000000|100%| O|  |TAMS 0x0000000081000000, 0x0000000080f00000| Untracked 
|  16|0x0000000081000000, 0x0000000081100000, 0x0000000081100000|100%| O|  |TAMS 0x0000000081100000, 0x0000000081000000| Untracked 
|  17|0x0000000081100000, 0x0000000081200000, 0x0000000081200000|100%| O|  |TAMS 0x0000000081200000, 0x0000000081100000| Untracked 
|  18|0x0000000081200000, 0x0000000081300000, 0x0000000081300000|100%| O|  |TAMS 0x0000000081300000, 0x0000000081200000| Untracked 
|  19|0x0000000081300000, 0x0000000081400000, 0x0000000081400000|100%| O|  |TAMS 0x0000000081400000, 0x0000000081300000| Untracked 
|  20|0x0000000081400000, 0x0000000081500000, 0x0000000081500000|100%| O|  |TAMS 0x0000000081500000, 0x0000000081400000| Untracked 
|  21|0x0000000081500000, 0x0000000081600000, 0x0000000081600000|100%| O|  |TAMS 0x0000000081600000, 0x0000000081500000| Untracked 
|  22|0x0000000081600000, 0x0000000081700000, 0x0000000081700000|100%| O|  |TAMS 0x0000000081700000, 0x0000000081600000| Untracked 
|  23|0x0000000081700000, 0x0000000081800000, 0x0000000081800000|100%| O|  |TAMS 0x0000000081800000, 0x0000000081700000| Untracked 
|  24|0x0000000081800000, 0x0000000081900000, 0x0000000081900000|100%| O|  |TAMS 0x0000000081900000, 0x0000000081800000| Untracked 
|  25|0x0000000081900000, 0x0000000081a00000, 0x0000000081a00000|100%| O|  |TAMS 0x0000000081a00000, 0x0000000081900000| Untracked 
|  26|0x0000000081a00000, 0x0000000081b00000, 0x0000000081b00000|100%| O|  |TAMS 0x0000000081b00000, 0x0000000081a00000| Untracked 
|  27|0x0000000081b00000, 0x0000000081c00000, 0x0000000081c00000|100%| O|  |TAMS 0x0000000081c00000, 0x0000000081b00000| Untracked 
|  28|0x0000000081c00000, 0x0000000081d00000, 0x0000000081d00000|100%| O|  |TAMS 0x0000000081d00000, 0x0000000081c00000| Untracked 
|  29|0x0000000081d00000, 0x0000000081e00000, 0x0000000081e00000|100%| O|  |TAMS 0x0000000081e00000, 0x0000000081d00000| Untracked 
|  30|0x0000000081e00000, 0x0000000081f00000, 0x0000000081f00000|100%|HS|  |TAMS 0x0000000081e00000, 0x0000000081e00000| Complete 
|  31|0x0000000081f00000, 0x0000000082000000, 0x0000000082000000|100%| O|  |TAMS 0x0000000082000000, 0x0000000081f00000| Untracked 
|  32|0x0000000082000000, 0x0000000082100000, 0x0000000082100000|100%| O|  |TAMS 0x0000000082100000, 0x0000000082000000| Untracked 
|  33|0x0000000082100000, 0x0000000082200000, 0x0000000082200000|100%| O|  |TAMS 0x0000000082200000, 0x0000000082100000| Untracked 
|  34|0x0000000082200000, 0x0000000082300000, 0x0000000082300000|100%| O|  |TAMS 0x0000000082300000, 0x0000000082200000| Untracked 
|  35|0x0000000082300000, 0x0000000082400000, 0x0000000082400000|100%| O|  |TAMS 0x0000000082400000, 0x0000000082300000| Untracked 
|  36|0x0000000082400000, 0x0000000082500000, 0x0000000082500000|100%| O|  |TAMS 0x0000000082500000, 0x0000000082400000| Untracked 
|  37|0x0000000082500000, 0x0000000082600000, 0x0000000082600000|100%| O|  |TAMS 0x0000000082600000, 0x0000000082500000| Untracked 
|  38|0x0000000082600000, 0x0000000082700000, 0x0000000082700000|100%| O|  |TAMS 0x0000000082700000, 0x0000000082600000| Untracked 
|  39|0x0000000082700000, 0x0000000082800000, 0x0000000082800000|100%| O|  |TAMS 0x0000000082800000, 0x0000000082700000| Untracked 
|  40|0x0000000082800000, 0x0000000082900000, 0x0000000082900000|100%| O|  |TAMS 0x0000000082900000, 0x0000000082800000| Untracked 
|  41|0x0000000082900000, 0x0000000082a00000, 0x0000000082a00000|100%| O|  |TAMS 0x0000000082a00000, 0x0000000082900000| Untracked 
|  42|0x0000000082a00000, 0x0000000082b00000, 0x0000000082b00000|100%| O|  |TAMS 0x0000000082b00000, 0x0000000082a00000| Untracked 
|  43|0x0000000082b00000, 0x0000000082c00000, 0x0000000082c00000|100%|HS|  |TAMS 0x0000000082c00000, 0x0000000082b00000| Complete 
|  44|0x0000000082c00000, 0x0000000082d00000, 0x0000000082d00000|100%|HC|  |TAMS 0x0000000082d00000, 0x0000000082c00000| Complete 
|  45|0x0000000082d00000, 0x0000000082e00000, 0x0000000082e00000|100%|HS|  |TAMS 0x0000000082e00000, 0x0000000082d00000| Complete 
|  46|0x0000000082e00000, 0x0000000082f00000, 0x0000000082f00000|100%|HC|  |TAMS 0x0000000082f00000, 0x0000000082e00000| Complete 
|  47|0x0000000082f00000, 0x0000000083000000, 0x0000000083000000|100%| O|  |TAMS 0x0000000083000000, 0x0000000082f00000| Untracked 
|  48|0x0000000083000000, 0x0000000083100000, 0x0000000083100000|100%|HS|  |TAMS 0x0000000083100000, 0x0000000083000000| Complete 
|  49|0x0000000083100000, 0x0000000083200000, 0x0000000083200000|100%|HC|  |TAMS 0x0000000083200000, 0x0000000083100000| Complete 
|  50|0x0000000083200000, 0x0000000083300000, 0x0000000083300000|100%|HC|  |TAMS 0x0000000083300000, 0x0000000083200000| Complete 
|  51|0x0000000083300000, 0x0000000083400000, 0x0000000083400000|100%|HC|  |TAMS 0x0000000083400000, 0x0000000083300000| Complete 
|  52|0x0000000083400000, 0x0000000083500000, 0x0000000083500000|100%|HS|  |TAMS 0x0000000083500000, 0x0000000083400000| Complete 
|  53|0x0000000083500000, 0x0000000083600000, 0x0000000083600000|100%|HC|  |TAMS 0x0000000083600000, 0x0000000083500000| Complete 
|  54|0x0000000083600000, 0x0000000083700000, 0x0000000083700000|100%|HC|  |TAMS 0x0000000083700000, 0x0000000083600000| Complete 
|  55|0x0000000083700000, 0x0000000083800000, 0x0000000083800000|100%|HC|  |TAMS 0x0000000083800000, 0x0000000083700000| Complete 
|  56|0x0000000083800000, 0x0000000083900000, 0x0000000083900000|100%| O|  |TAMS 0x0000000083900000, 0x0000000083800000| Untracked 
|  57|0x0000000083900000, 0x0000000083a00000, 0x0000000083a00000|100%| O|  |TAMS 0x0000000083a00000, 0x0000000083900000| Untracked 
|  58|0x0000000083a00000, 0x0000000083b00000, 0x0000000083b00000|100%| O|  |TAMS 0x0000000083b00000, 0x0000000083a00000| Untracked 
|  59|0x0000000083b00000, 0x0000000083c00000, 0x0000000083c00000|100%| O|  |TAMS 0x0000000083c00000, 0x0000000083b00000| Untracked 
|  60|0x0000000083c00000, 0x0000000083d00000, 0x0000000083d00000|100%| O|  |TAMS 0x0000000083d00000, 0x0000000083c00000| Untracked 
|  61|0x0000000083d00000, 0x0000000083e00000, 0x0000000083e00000|100%| O|  |TAMS 0x0000000083e00000, 0x0000000083d00000| Untracked 
|  62|0x0000000083e00000, 0x0000000083f00000, 0x0000000083f00000|100%| O|  |TAMS 0x0000000083f00000, 0x0000000083e00000| Untracked 
|  63|0x0000000083f00000, 0x0000000084000000, 0x0000000084000000|100%| O|  |TAMS 0x0000000084000000, 0x0000000083f00000| Untracked 
|  64|0x0000000084000000, 0x0000000084100000, 0x0000000084100000|100%| O|  |TAMS 0x0000000084100000, 0x0000000084000000| Untracked 
|  65|0x0000000084100000, 0x0000000084200000, 0x0000000084200000|100%| O|  |TAMS 0x0000000084200000, 0x0000000084100000| Untracked 
|  66|0x0000000084200000, 0x0000000084300000, 0x0000000084300000|100%| O|  |TAMS 0x0000000084300000, 0x0000000084200000| Untracked 
|  67|0x0000000084300000, 0x0000000084400000, 0x0000000084400000|100%| O|  |TAMS 0x0000000084400000, 0x0000000084300000| Untracked 
|  68|0x0000000084400000, 0x0000000084500000, 0x0000000084500000|100%| O|  |TAMS 0x0000000084500000, 0x0000000084400000| Untracked 
|  69|0x0000000084500000, 0x0000000084600000, 0x0000000084600000|100%| O|  |TAMS 0x0000000084600000, 0x0000000084500000| Untracked 
|  70|0x0000000084600000, 0x0000000084700000, 0x0000000084700000|100%| O|  |TAMS 0x0000000084700000, 0x0000000084600000| Untracked 
|  71|0x0000000084700000, 0x0000000084800000, 0x0000000084800000|100%| O|  |TAMS 0x0000000084800000, 0x0000000084700000| Untracked 
|  72|0x0000000084800000, 0x0000000084900000, 0x0000000084900000|100%| O|  |TAMS 0x0000000084900000, 0x0000000084800000| Untracked 
|  73|0x0000000084900000, 0x0000000084a00000, 0x0000000084a00000|100%| O|  |TAMS 0x0000000084a00000, 0x0000000084900000| Untracked 
|  74|0x0000000084a00000, 0x0000000084b00000, 0x0000000084b00000|100%| O|  |TAMS 0x0000000084b00000, 0x0000000084a00000| Untracked 
|  75|0x0000000084b00000, 0x0000000084c00000, 0x0000000084c00000|100%| O|  |TAMS 0x0000000084c00000, 0x0000000084b00000| Untracked 
|  76|0x0000000084c00000, 0x0000000084d00000, 0x0000000084d00000|100%| O|  |TAMS 0x0000000084d00000, 0x0000000084c00000| Untracked 
|  77|0x0000000084d00000, 0x0000000084e00000, 0x0000000084e00000|100%| O|  |TAMS 0x0000000084e00000, 0x0000000084d00000| Untracked 
|  78|0x0000000084e00000, 0x0000000084f00000, 0x0000000084f00000|100%| O|  |TAMS 0x0000000084f00000, 0x0000000084e00000| Untracked 
|  79|0x0000000084f00000, 0x0000000085000000, 0x0000000085000000|100%|HS|  |TAMS 0x0000000085000000, 0x0000000084f00000| Complete 
|  80|0x0000000085000000, 0x0000000085100000, 0x0000000085100000|100%|HS|  |TAMS 0x0000000085100000, 0x0000000085000000| Complete 
|  81|0x0000000085100000, 0x0000000085200000, 0x0000000085200000|100%|HS|  |TAMS 0x0000000085200000, 0x0000000085100000| Complete 
|  82|0x0000000085200000, 0x0000000085300000, 0x0000000085300000|100%| O|  |TAMS 0x0000000085300000, 0x0000000085200000| Untracked 
|  83|0x0000000085300000, 0x0000000085400000, 0x0000000085400000|100%|HS|  |TAMS 0x0000000085400000, 0x0000000085300000| Complete 
|  84|0x0000000085400000, 0x0000000085500000, 0x0000000085500000|100%|HS|  |TAMS 0x0000000085500000, 0x0000000085400000| Complete 
|  85|0x0000000085500000, 0x0000000085600000, 0x0000000085600000|100%|HS|  |TAMS 0x0000000085500000, 0x0000000085500000| Complete 
|  86|0x0000000085600000, 0x0000000085700000, 0x0000000085700000|100%| O|  |TAMS 0x0000000085700000, 0x0000000085600000| Untracked 
|  87|0x0000000085700000, 0x0000000085800000, 0x0000000085800000|100%| O|  |TAMS 0x0000000085800000, 0x0000000085700000| Untracked 
|  88|0x0000000085800000, 0x0000000085900000, 0x0000000085900000|100%| O|  |TAMS 0x0000000085900000, 0x0000000085800000| Untracked 
|  89|0x0000000085900000, 0x0000000085a00000, 0x0000000085a00000|100%| O|  |TAMS 0x0000000085a00000, 0x0000000085900000| Untracked 
|  90|0x0000000085a00000, 0x0000000085b00000, 0x0000000085b00000|100%| O|  |TAMS 0x0000000085ac9400, 0x0000000085a00000| Untracked 
|  91|0x0000000085b00000, 0x0000000085b00000, 0x0000000085c00000|  0%| F|  |TAMS 0x0000000085b00000, 0x0000000085b00000| Untracked 
|  92|0x0000000085c00000, 0x0000000085d00000, 0x0000000085d00000|100%|HS|  |TAMS 0x0000000085c00000, 0x0000000085c00000| Complete 
|  93|0x0000000085d00000, 0x0000000085e00000, 0x0000000085e00000|100%|HS|  |TAMS 0x0000000085d00000, 0x0000000085d00000| Complete 
|  94|0x0000000085e00000, 0x0000000085f00000, 0x0000000085f00000|100%| O|  |TAMS 0x0000000085e00000, 0x0000000085e00000| Untracked 
|  95|0x0000000085f00000, 0x0000000086000000, 0x0000000086000000|100%| O|  |TAMS 0x0000000085f00000, 0x0000000085f00000| Untracked 
|  96|0x0000000086000000, 0x0000000086100000, 0x0000000086100000|100%| O|  |TAMS 0x0000000086000000, 0x0000000086000000| Untracked 
|  97|0x0000000086100000, 0x00000000861efc00, 0x0000000086200000| 93%| O|  |TAMS 0x0000000086100000, 0x0000000086100000| Untracked 
|  98|0x0000000086200000, 0x0000000086200000, 0x0000000086300000|  0%| F|  |TAMS 0x0000000086200000, 0x0000000086200000| Untracked 
|  99|0x0000000086300000, 0x0000000086300000, 0x0000000086400000|  0%| F|  |TAMS 0x0000000086300000, 0x0000000086300000| Untracked 
| 100|0x0000000086400000, 0x0000000086400000, 0x0000000086500000|  0%| F|  |TAMS 0x0000000086400000, 0x0000000086400000| Untracked 
| 101|0x0000000086500000, 0x0000000086500000, 0x0000000086600000|  0%| F|  |TAMS 0x0000000086500000, 0x0000000086500000| Untracked 
| 102|0x0000000086600000, 0x0000000086600000, 0x0000000086700000|  0%| F|  |TAMS 0x0000000086600000, 0x0000000086600000| Untracked 
| 103|0x0000000086700000, 0x0000000086700000, 0x0000000086800000|  0%| F|  |TAMS 0x0000000086700000, 0x0000000086700000| Untracked 
| 104|0x0000000086800000, 0x0000000086800000, 0x0000000086900000|  0%| F|  |TAMS 0x0000000086800000, 0x0000000086800000| Untracked 
| 105|0x0000000086900000, 0x0000000086900000, 0x0000000086a00000|  0%| F|  |TAMS 0x0000000086900000, 0x0000000086900000| Untracked 
| 106|0x0000000086a00000, 0x0000000086a00000, 0x0000000086b00000|  0%| F|  |TAMS 0x0000000086a00000, 0x0000000086a00000| Untracked 
| 107|0x0000000086b00000, 0x0000000086b00000, 0x0000000086c00000|  0%| F|  |TAMS 0x0000000086b00000, 0x0000000086b00000| Untracked 
| 108|0x0000000086c00000, 0x0000000086c00000, 0x0000000086d00000|  0%| F|  |TAMS 0x0000000086c00000, 0x0000000086c00000| Untracked 
| 109|0x0000000086d00000, 0x0000000086d00000, 0x0000000086e00000|  0%| F|  |TAMS 0x0000000086d00000, 0x0000000086d00000| Untracked 
| 110|0x0000000086e00000, 0x0000000086e00000, 0x0000000086f00000|  0%| F|  |TAMS 0x0000000086e00000, 0x0000000086e00000| Untracked 
| 111|0x0000000086f00000, 0x0000000086f00000, 0x0000000087000000|  0%| F|  |TAMS 0x0000000086f00000, 0x0000000086f00000| Untracked 
| 112|0x0000000087000000, 0x0000000087000000, 0x0000000087100000|  0%| F|  |TAMS 0x0000000087000000, 0x0000000087000000| Untracked 
| 113|0x0000000087100000, 0x0000000087100000, 0x0000000087200000|  0%| F|  |TAMS 0x0000000087100000, 0x0000000087100000| Untracked 
| 114|0x0000000087200000, 0x0000000087200000, 0x0000000087300000|  0%| F|  |TAMS 0x0000000087200000, 0x0000000087200000| Untracked 
| 115|0x0000000087300000, 0x0000000087300000, 0x0000000087400000|  0%| F|  |TAMS 0x0000000087300000, 0x0000000087300000| Untracked 
| 116|0x0000000087400000, 0x000000008742d1f8, 0x0000000087500000| 17%| S|CS|TAMS 0x0000000087400000, 0x0000000087400000| Complete 
| 117|0x0000000087500000, 0x0000000087600000, 0x0000000087600000|100%| S|CS|TAMS 0x0000000087500000, 0x0000000087500000| Complete 
| 118|0x0000000087600000, 0x0000000087700000, 0x0000000087700000|100%| S|CS|TAMS 0x0000000087600000, 0x0000000087600000| Complete 
| 119|0x0000000087700000, 0x0000000087800000, 0x0000000087800000|100%| S|CS|TAMS 0x0000000087700000, 0x0000000087700000| Complete 
| 120|0x0000000087800000, 0x0000000087900000, 0x0000000087900000|100%| S|CS|TAMS 0x0000000087800000, 0x0000000087800000| Complete 
| 121|0x0000000087900000, 0x0000000087900000, 0x0000000087a00000|  0%| F|  |TAMS 0x0000000087900000, 0x0000000087900000| Untracked 
| 122|0x0000000087a00000, 0x0000000087a00000, 0x0000000087b00000|  0%| F|  |TAMS 0x0000000087a00000, 0x0000000087a00000| Untracked 
| 123|0x0000000087b00000, 0x0000000087b00000, 0x0000000087c00000|  0%| F|  |TAMS 0x0000000087b00000, 0x0000000087b00000| Untracked 
| 124|0x0000000087c00000, 0x0000000087c00000, 0x0000000087d00000|  0%| F|  |TAMS 0x0000000087c00000, 0x0000000087c00000| Untracked 
| 125|0x0000000087d00000, 0x0000000087d00000, 0x0000000087e00000|  0%| F|  |TAMS 0x0000000087d00000, 0x0000000087d00000| Untracked 
| 126|0x0000000087e00000, 0x0000000087e00000, 0x0000000087f00000|  0%| F|  |TAMS 0x0000000087e00000, 0x0000000087e00000| Untracked 
| 127|0x0000000087f00000, 0x0000000087f00000, 0x0000000088000000|  0%| F|  |TAMS 0x0000000087f00000, 0x0000000087f00000| Untracked 
| 128|0x0000000088000000, 0x0000000088000000, 0x0000000088100000|  0%| F|  |TAMS 0x0000000088000000, 0x0000000088000000| Untracked 
| 129|0x0000000088100000, 0x0000000088100000, 0x0000000088200000|  0%| F|  |TAMS 0x0000000088100000, 0x0000000088100000| Untracked 
| 130|0x0000000088200000, 0x0000000088200000, 0x0000000088300000|  0%| F|  |TAMS 0x0000000088200000, 0x0000000088200000| Untracked 
| 131|0x0000000088300000, 0x0000000088300000, 0x0000000088400000|  0%| F|  |TAMS 0x0000000088300000, 0x0000000088300000| Untracked 
| 132|0x0000000088400000, 0x0000000088400000, 0x0000000088500000|  0%| F|  |TAMS 0x0000000088400000, 0x0000000088400000| Untracked 
| 133|0x0000000088500000, 0x0000000088500000, 0x0000000088600000|  0%| F|  |TAMS 0x0000000088500000, 0x0000000088500000| Untracked 
| 134|0x0000000088600000, 0x0000000088600000, 0x0000000088700000|  0%| F|  |TAMS 0x0000000088600000, 0x0000000088600000| Untracked 
| 135|0x0000000088700000, 0x0000000088700000, 0x0000000088800000|  0%| F|  |TAMS 0x0000000088700000, 0x0000000088700000| Untracked 
| 136|0x0000000088800000, 0x0000000088800000, 0x0000000088900000|  0%| F|  |TAMS 0x0000000088800000, 0x0000000088800000| Untracked 
| 137|0x0000000088900000, 0x0000000088900000, 0x0000000088a00000|  0%| F|  |TAMS 0x0000000088900000, 0x0000000088900000| Untracked 
| 138|0x0000000088a00000, 0x0000000088a00000, 0x0000000088b00000|  0%| F|  |TAMS 0x0000000088a00000, 0x0000000088a00000| Untracked 
| 139|0x0000000088b00000, 0x0000000088b00000, 0x0000000088c00000|  0%| F|  |TAMS 0x0000000088b00000, 0x0000000088b00000| Untracked 
| 140|0x0000000088c00000, 0x0000000088c00000, 0x0000000088d00000|  0%| F|  |TAMS 0x0000000088c00000, 0x0000000088c00000| Untracked 
| 141|0x0000000088d00000, 0x0000000088d00000, 0x0000000088e00000|  0%| F|  |TAMS 0x0000000088d00000, 0x0000000088d00000| Untracked 
| 142|0x0000000088e00000, 0x0000000088e00000, 0x0000000088f00000|  0%| F|  |TAMS 0x0000000088e00000, 0x0000000088e00000| Untracked 
| 143|0x0000000088f00000, 0x0000000088f00000, 0x0000000089000000|  0%| F|  |TAMS 0x0000000088f00000, 0x0000000088f00000| Untracked 
| 144|0x0000000089000000, 0x0000000089000000, 0x0000000089100000|  0%| F|  |TAMS 0x0000000089000000, 0x0000000089000000| Untracked 
| 145|0x0000000089100000, 0x0000000089100000, 0x0000000089200000|  0%| F|  |TAMS 0x0000000089100000, 0x0000000089100000| Untracked 
| 146|0x0000000089200000, 0x0000000089200000, 0x0000000089300000|  0%| F|  |TAMS 0x0000000089200000, 0x0000000089200000| Untracked 
| 147|0x0000000089300000, 0x0000000089300000, 0x0000000089400000|  0%| F|  |TAMS 0x0000000089300000, 0x0000000089300000| Untracked 
| 148|0x0000000089400000, 0x0000000089400000, 0x0000000089500000|  0%| F|  |TAMS 0x0000000089400000, 0x0000000089400000| Untracked 
| 149|0x0000000089500000, 0x0000000089500000, 0x0000000089600000|  0%| F|  |TAMS 0x0000000089500000, 0x0000000089500000| Untracked 
| 150|0x0000000089600000, 0x0000000089600000, 0x0000000089700000|  0%| F|  |TAMS 0x0000000089600000, 0x0000000089600000| Untracked 
| 151|0x0000000089700000, 0x0000000089700000, 0x0000000089800000|  0%| F|  |TAMS 0x0000000089700000, 0x0000000089700000| Untracked 
| 152|0x0000000089800000, 0x0000000089800000, 0x0000000089900000|  0%| F|  |TAMS 0x0000000089800000, 0x0000000089800000| Untracked 
| 153|0x0000000089900000, 0x0000000089900000, 0x0000000089a00000|  0%| F|  |TAMS 0x0000000089900000, 0x0000000089900000| Untracked 

Card table byte_map: [0x000002abdf7d0000,0x000002abdfbd0000] _byte_map_base: 0x000002abdf3d0000

Marking Bits (Prev, Next): (CMBitMap*) 0x000002abc6a1e810, (CMBitMap*) 0x000002abc6a1e7d0
 Prev Bits: [0x000002abe1fd0000, 0x000002abe3fd0000)
 Next Bits: [0x000002abdffd0000, 0x000002abe1fd0000)

Polling page: 0x000002abc6a40000

Metaspace:

Usage:
  Non-class:     71.04 MB used.
      Class:     11.31 MB used.
       Both:     82.35 MB used.

Virtual space:
  Non-class space:      128.00 MB reserved,      71.50 MB ( 56%) committed,  2 nodes.
      Class space:      416.00 MB reserved,      11.69 MB (  3%) committed,  1 nodes.
             Both:      544.00 MB reserved,      83.19 MB ( 15%) committed. 

Chunk freelists:
   Non-Class:  7.56 MB
       Class:  4.33 MB
        Both:  11.89 MB

MaxMetaspaceSize: 512.00 MB
CompressedClassSpaceSize: 416.00 MB
Initial GC threshold: 21.00 MB
Current GC threshold: 130.88 MB
CDS: on
MetaspaceReclaimPolicy: balanced
 - commit_granule_bytes: 65536.
 - commit_granule_words: 8192.
 - virtual_space_node_default_size: 8388608.
 - enlarge_chunks_in_place: 1.
 - new_chunks_are_fully_committed: 0.
 - uncommit_free_chunks: 1.
 - use_allocation_guard: 0.
 - handle_deallocations: 1.


Internal statistics:

num_allocs_failed_limit: 3.
num_arena_births: 1118.
num_arena_deaths: 0.
num_vsnodes_births: 3.
num_vsnodes_deaths: 0.
num_space_committed: 1331.
num_space_uncommitted: 0.
num_chunks_returned_to_freelist: 3.
num_chunks_taken_from_freelist: 4760.
num_chunk_merges: 0.
num_chunk_splits: 3084.
num_chunks_enlarged: 2000.
num_inconsistent_stats: 0.

CodeHeap 'non-profiled nmethods': size=120000Kb used=5908Kb max_used=5908Kb free=114091Kb
 bounds [0x000002abd7ea0000, 0x000002abd8470000, 0x000002abdf3d0000]
CodeHeap 'profiled nmethods': size=120000Kb used=19456Kb max_used=20526Kb free=100543Kb
 bounds [0x000002abd03d0000, 0x000002abd17e0000, 0x000002abd7900000]
CodeHeap 'non-nmethods': size=5760Kb used=2409Kb max_used=2449Kb free=3350Kb
 bounds [0x000002abd7900000, 0x000002abd7b70000, 0x000002abd7ea0000]
 total_blobs=11175 nmethods=10246 adapters=841
 compilation: enabled
              stopped_count=0, restarted_count=0
 full_count=0

Compilation events (20 events):
Event: 96.039 Thread 0x000002abe6476980 11894       3       java.lang.Class::getFactory (9 bytes)
Event: 96.039 Thread 0x000002abe6476980 nmethod 11894 0x000002abd0ba4710 code [0x000002abd0ba48e0, 0x000002abd0ba4e58]
Event: 96.054 Thread 0x000002abe6473ac0 11895       4       org.objectweb.asm.ByteVector::put11 (52 bytes)
Event: 96.056 Thread 0x000002abe6473ac0 nmethod 11895 0x000002abd8463890 code [0x000002abd8463a20, 0x000002abd8463ba8]
Event: 96.068 Thread 0x000002abe6473ac0 11896       4       java.util.regex.Pattern::isSupplementary (21 bytes)
Event: 96.068 Thread 0x000002abe6476980 11897       3       java.util.regex.Pattern::compile (500 bytes)
Event: 96.069 Thread 0x000002abe6473ac0 nmethod 11896 0x000002abd8463d10 code [0x000002abd8463e80, 0x000002abd8463f18]
Event: 96.072 Thread 0x000002abe6476980 nmethod 11897 0x000002abd0524710 code [0x000002abd0524bc0, 0x000002abd0527988]
Event: 96.082 Thread 0x000002abe6473ac0 11898       4       kotlin.jvm.internal.Intrinsics::checkNotNull (8 bytes)
Event: 96.084 Thread 0x000002abe6473ac0 nmethod 11898 0x000002abd8464010 code [0x000002abd8464180, 0x000002abd84641f8]
Event: 96.087 Thread 0x000002abe6476980 11899       3       org.objectweb.asm.MethodWriter::visitAbstractType (8 bytes)
Event: 96.087 Thread 0x000002abe6476980 nmethod 11899 0x000002abd0b02a10 code [0x000002abd0b02ba0, 0x000002abd0b02cd8]
Event: 96.087 Thread 0x000002abe6476980 11901       3       org.objectweb.asm.Type::getOpcode (284 bytes)
Event: 96.088 Thread 0x000002abe6476980 nmethod 11901 0x000002abd0767710 code [0x000002abd07679a0, 0x000002abd0768698]
Event: 96.088 Thread 0x000002abe6476980 11900       1       org.objectweb.asm.SymbolTable::getClassName (5 bytes)
Event: 96.088 Thread 0x000002abe6476980 nmethod 11900 0x000002abd8464310 code [0x000002abd84644a0, 0x000002abd8464578]
Event: 96.090 Thread 0x000002abe6476980 11902       3       java.lang.reflect.Constructor::getDeclaredAnnotations (5 bytes)
Event: 96.091 Thread 0x000002abe6476980 nmethod 11902 0x000002abd0ba3e90 code [0x000002abd0ba4080, 0x000002abd0ba4528]
Event: 96.094 Thread 0x000002abe6473ac0 11903       4       org.objectweb.asm.MethodWriter::endCurrentBasicBlockWithNoSuccessor (98 bytes)
Event: 96.112 Thread 0x000002abe6473ac0 nmethod 11903 0x000002abd8464610 code [0x000002abd84647a0, 0x000002abd8464e98]

GC Heap History (20 events):
Event: 75.733 GC heap after
{Heap after GC invocations=59 (full 0):
 garbage-first heap   total 138240K, used 77925K [0x0000000080000000, 0x0000000100000000)
  region size 1024K, 1 young (1024K), 1 survivors (1024K)
 Metaspace       used 74893K, committed 75776K, reserved 491520K
  class space    used 10512K, committed 10944K, reserved 425984K
}
Event: 79.172 GC heap before
{Heap before GC invocations=59 (full 0):
 garbage-first heap   total 138240K, used 111717K [0x0000000080000000, 0x0000000100000000)
  region size 1024K, 35 young (35840K), 1 survivors (1024K)
 Metaspace       used 74952K, committed 75840K, reserved 491520K
  class space    used 10512K, committed 10944K, reserved 425984K
}
Event: 79.183 GC heap after
{Heap after GC invocations=60 (full 0):
 garbage-first heap   total 138240K, used 78552K [0x0000000080000000, 0x0000000100000000)
  region size 1024K, 2 young (2048K), 2 survivors (2048K)
 Metaspace       used 74952K, committed 75840K, reserved 491520K
  class space    used 10512K, committed 10944K, reserved 425984K
}
Event: 82.388 GC heap before
{Heap before GC invocations=61 (full 0):
 garbage-first heap   total 138240K, used 112344K [0x0000000080000000, 0x0000000100000000)
  region size 1024K, 36 young (36864K), 2 survivors (2048K)
 Metaspace       used 74968K, committed 75840K, reserved 491520K
  class space    used 10513K, committed 10944K, reserved 425984K
}
Event: 82.398 GC heap after
{Heap after GC invocations=62 (full 0):
 garbage-first heap   total 138240K, used 79519K [0x0000000080000000, 0x0000000100000000)
  region size 1024K, 3 young (3072K), 3 survivors (3072K)
 Metaspace       used 74968K, committed 75840K, reserved 491520K
  class space    used 10513K, committed 10944K, reserved 425984K
}
Event: 82.528 GC heap before
{Heap before GC invocations=62 (full 0):
 garbage-first heap   total 138240K, used 81567K [0x0000000080000000, 0x0000000100000000)
  region size 1024K, 6 young (6144K), 3 survivors (3072K)
 Metaspace       used 74968K, committed 75840K, reserved 491520K
  class space    used 10513K, committed 10944K, reserved 425984K
}
Event: 82.552 GC heap after
{Heap after GC invocations=63 (full 0):
 garbage-first heap   total 138240K, used 79365K [0x0000000080000000, 0x0000000100000000)
  region size 1024K, 1 young (1024K), 1 survivors (1024K)
 Metaspace       used 74968K, committed 75840K, reserved 491520K
  class space    used 10513K, committed 10944K, reserved 425984K
}
Event: 84.310 GC heap before
{Heap before GC invocations=63 (full 0):
 garbage-first heap   total 138240K, used 109061K [0x0000000080000000, 0x0000000100000000)
  region size 1024K, 32 young (32768K), 1 survivors (1024K)
 Metaspace       used 74997K, committed 75904K, reserved 491520K
  class space    used 10517K, committed 10944K, reserved 425984K
}
Event: 84.317 GC heap after
{Heap after GC invocations=64 (full 0):
 garbage-first heap   total 138240K, used 80213K [0x0000000080000000, 0x0000000100000000)
  region size 1024K, 2 young (2048K), 2 survivors (2048K)
 Metaspace       used 74997K, committed 75904K, reserved 491520K
  class space    used 10517K, committed 10944K, reserved 425984K
}
Event: 87.077 GC heap before
{Heap before GC invocations=65 (full 0):
 garbage-first heap   total 143360K, used 121173K [0x0000000080000000, 0x0000000100000000)
  region size 1024K, 36 young (36864K), 2 survivors (2048K)
 Metaspace       used 76733K, committed 77568K, reserved 557056K
  class space    used 10732K, committed 11136K, reserved 425984K
}
Event: 87.100 GC heap after
{Heap after GC invocations=66 (full 0):
 garbage-first heap   total 143360K, used 92272K [0x0000000080000000, 0x0000000100000000)
  region size 1024K, 5 young (5120K), 5 survivors (5120K)
 Metaspace       used 76733K, committed 77568K, reserved 557056K
  class space    used 10732K, committed 11136K, reserved 425984K
}
Event: 87.155 GC heap before
{Heap before GC invocations=66 (full 0):
 garbage-first heap   total 143360K, used 94320K [0x0000000080000000, 0x0000000100000000)
  region size 1024K, 7 young (7168K), 5 survivors (5120K)
 Metaspace       used 76899K, committed 77824K, reserved 557056K
  class space    used 10755K, committed 11200K, reserved 425984K
}
Event: 87.177 GC heap after
{Heap after GC invocations=67 (full 0):
 garbage-first heap   total 143360K, used 92209K [0x0000000080000000, 0x0000000100000000)
  region size 1024K, 1 young (1024K), 1 survivors (1024K)
 Metaspace       used 76899K, committed 77824K, reserved 557056K
  class space    used 10755K, committed 11200K, reserved 425984K
}
Event: 88.458 GC heap before
{Heap before GC invocations=67 (full 0):
 garbage-first heap   total 143360K, used 119857K [0x0000000080000000, 0x0000000100000000)
  region size 1024K, 29 young (29696K), 1 survivors (1024K)
 Metaspace       used 79475K, committed 80384K, reserved 557056K
  class space    used 11007K, committed 11392K, reserved 425984K
}
Event: 88.467 GC heap after
{Heap after GC invocations=68 (full 0):
 garbage-first heap   total 143360K, used 92602K [0x0000000080000000, 0x0000000100000000)
  region size 1024K, 1 young (1024K), 1 survivors (1024K)
 Metaspace       used 79475K, committed 80384K, reserved 557056K
  class space    used 11007K, committed 11392K, reserved 425984K
}
Event: 90.778 GC heap before
{Heap before GC invocations=69 (full 0):
 garbage-first heap   total 157696K, used 122298K [0x0000000080000000, 0x0000000100000000)
  region size 1024K, 30 young (30720K), 1 survivors (1024K)
 Metaspace       used 82626K, committed 83584K, reserved 557056K
  class space    used 11342K, committed 11776K, reserved 425984K
}
Event: 90.790 GC heap after
{Heap after GC invocations=70 (full 0):
 garbage-first heap   total 157696K, used 95420K [0x0000000080000000, 0x0000000100000000)
  region size 1024K, 3 young (3072K), 3 survivors (3072K)
 Metaspace       used 82626K, committed 83584K, reserved 557056K
  class space    used 11342K, committed 11776K, reserved 425984K
}
Event: 90.821 GC heap before
{Heap before GC invocations=70 (full 0):
 garbage-first heap   total 157696K, used 101564K [0x0000000080000000, 0x0000000100000000)
  region size 1024K, 7 young (7168K), 3 survivors (3072K)
 Metaspace       used 82626K, committed 83584K, reserved 557056K
  class space    used 11342K, committed 11776K, reserved 425984K
}
Event: 90.844 GC heap after
{Heap after GC invocations=71 (full 0):
 garbage-first heap   total 157696K, used 99263K [0x0000000080000000, 0x0000000100000000)
  region size 1024K, 1 young (1024K), 1 survivors (1024K)
 Metaspace       used 82626K, committed 83584K, reserved 557056K
  class space    used 11342K, committed 11776K, reserved 425984K
}
Event: 96.120 GC heap before
{Heap before GC invocations=71 (full 0):
 garbage-first heap   total 157696K, used 133055K [0x0000000080000000, 0x0000000100000000)
  region size 1024K, 33 young (33792K), 1 survivors (1024K)
 Metaspace       used 84323K, committed 85184K, reserved 557056K
  class space    used 11577K, committed 11968K, reserved 425984K
}

Deoptimization events (20 events):
Event: 91.122 Thread 0x000002abe64aa3d0 Uncommon trap: trap_request=0xffffff45 fr.pc=0x000002abd7f11018 relative=0x0000000000002738
Event: 91.122 Thread 0x000002abe64aa3d0 Uncommon trap: reason=unstable_if action=reinterpret pc=0x000002abd7f11018 method=java.util.regex.Pattern.has(I)Z @ 6 c2
Event: 91.122 Thread 0x000002abe64aa3d0 DEOPT PACKING pc=0x000002abd7f11018 sp=0x000000da2c5f2a40
Event: 91.122 Thread 0x000002abe64aa3d0 DEOPT UNPACKING pc=0x000002abd7955ba3 sp=0x000000da2c5f29c0 mode 2
Event: 91.122 Thread 0x000002abe64aa3d0 Uncommon trap: trap_request=0xffffff45 fr.pc=0x000002abd7f547d8 relative=0x0000000000000058
Event: 91.122 Thread 0x000002abe64aa3d0 Uncommon trap: reason=unstable_if action=reinterpret pc=0x000002abd7f547d8 method=java.util.regex.Pattern.has(I)Z @ 6 c2
Event: 91.122 Thread 0x000002abe64aa3d0 DEOPT PACKING pc=0x000002abd7f547d8 sp=0x000000da2c5f2a20
Event: 91.122 Thread 0x000002abe64aa3d0 DEOPT UNPACKING pc=0x000002abd7955ba3 sp=0x000000da2c5f29b0 mode 2
Event: 92.716 Thread 0x000002abe64aa3d0 Uncommon trap: trap_request=0xffffff45 fr.pc=0x000002abd827f53c relative=0x000000000000565c
Event: 92.717 Thread 0x000002abe64aa3d0 Uncommon trap: reason=unstable_if action=reinterpret pc=0x000002abd827f53c method=java.lang.CharacterDataLatin1.isUpperCase(I)Z @ 7 c2
Event: 92.717 Thread 0x000002abe64aa3d0 DEOPT PACKING pc=0x000002abd827f53c sp=0x000000da2c5f2b60
Event: 92.717 Thread 0x000002abe64aa3d0 DEOPT UNPACKING pc=0x000002abd7955ba3 sp=0x000000da2c5f28e8 mode 2
Event: 92.718 Thread 0x000002abe64aa3d0 Uncommon trap: trap_request=0xffffff45 fr.pc=0x000002abd8369600 relative=0x0000000000000080
Event: 92.718 Thread 0x000002abe64aa3d0 Uncommon trap: reason=unstable_if action=reinterpret pc=0x000002abd8369600 method=java.lang.CharacterDataLatin1.isUpperCase(I)Z @ 7 c2
Event: 92.719 Thread 0x000002abe64aa3d0 DEOPT PACKING pc=0x000002abd8369600 sp=0x000000da2c5f29d0
Event: 92.719 Thread 0x000002abe64aa3d0 DEOPT UNPACKING pc=0x000002abd7955ba3 sp=0x000000da2c5f2950 mode 2
Event: 94.109 Thread 0x000002abe64aa3d0 Uncommon trap: trap_request=0xffffffde fr.pc=0x000002abd82b6378 relative=0x00000000000002b8
Event: 94.109 Thread 0x000002abe64aa3d0 Uncommon trap: reason=class_check action=maybe_recompile pc=0x000002abd82b6378 method=com.google.common.collect.ComparatorOrdering.compare(Ljava/lang/Object;Ljava/lang/Object;)I @ 6 c2
Event: 94.109 Thread 0x000002abe64aa3d0 DEOPT PACKING pc=0x000002abd82b6378 sp=0x000000da2c5f2b30
Event: 94.109 Thread 0x000002abe64aa3d0 DEOPT UNPACKING pc=0x000002abd7955ba3 sp=0x000000da2c5f2aa8 mode 2

Classes unloaded (0 events):
No events

Classes redefined (0 events):
No events

Internal exceptions (20 events):
Event: 69.140 Thread 0x000002abe64aa3d0 Exception <a 'java/lang/ClassNotFoundException'{0x0000000087eb7948}: org/gradle/api/internal/artifacts/dsl/DefaultRepositoryHandlerCustomizer> (0x0000000087eb7948) 
thrown [s\open\src\hotspot\share\classfile\systemDictionary.cpp, line 256]
Event: 69.156 Thread 0x000002abe64aa3d0 Exception <a 'java/lang/ClassNotFoundException'{0x0000000087ef0140}: org/gradle/api/internal/artifacts/dsl/DefaultRepositoryHandler_DecoratedCustomizer> (0x0000000087ef0140) 
thrown [s\open\src\hotspot\share\classfile\systemDictionary.cpp, line 256]
Event: 69.421 Thread 0x000002abe64aa3d0 Exception <a 'java/lang/ClassNotFoundException'{0x0000000087d99f60}: org/gradle/api/internal/artifacts/dsl/dependencies/DefaultDependencyHandler_DecoratedBeanInfo> (0x0000000087d99f60) 
thrown [s\open\src\hotspot\share\classfile\systemDictionary.cpp, line 256]
Event: 69.424 Thread 0x000002abe64aa3d0 Exception <a 'java/lang/ClassNotFoundException'{0x0000000087db1c60}: org/gradle/api/internal/artifacts/dsl/dependencies/DefaultDependencyHandlerBeanInfo> (0x0000000087db1c60) 
thrown [s\open\src\hotspot\share\classfile\systemDictionary.cpp, line 256]
Event: 69.425 Thread 0x000002abe64aa3d0 Exception <a 'java/lang/ClassNotFoundException'{0x0000000087dc8e80}: org/gradle/api/internal/artifacts/dsl/dependencies/DefaultDependencyHandlerCustomizer> (0x0000000087dc8e80) 
thrown [s\open\src\hotspot\share\classfile\systemDictionary.cpp, line 256]
Event: 69.438 Thread 0x000002abe64aa3d0 Exception <a 'java/lang/ClassNotFoundException'{0x0000000088609038}: org/gradle/api/internal/artifacts/dsl/dependencies/DefaultDependencyHandler_DecoratedCustomizer> (0x0000000088609038) 
thrown [s\open\src\hotspot\share\classfile\systemDictionary.cpp, line 256]
Event: 72.534 Thread 0x000002abee046a60 Exception <a 'sun/nio/fs/WindowsException'{0x0000000086cbb568}> (0x0000000086cbb568) 
thrown [s\open\src\hotspot\share\prims\jni.cpp, line 516]
Event: 72.534 Thread 0x000002abee046a60 Exception <a 'sun/nio/fs/WindowsException'{0x0000000086cbde48}> (0x0000000086cbde48) 
thrown [s\open\src\hotspot\share\prims\jni.cpp, line 516]
Event: 72.536 Thread 0x000002abee046a60 Exception <a 'sun/nio/fs/WindowsException'{0x0000000086cc06d8}> (0x0000000086cc06d8) 
thrown [s\open\src\hotspot\share\prims\jni.cpp, line 516]
Event: 72.537 Thread 0x000002abee046a60 Exception <a 'sun/nio/fs/WindowsException'{0x0000000086cc29e0}> (0x0000000086cc29e0) 
thrown [s\open\src\hotspot\share\prims\jni.cpp, line 516]
Event: 76.262 Thread 0x000002abe66822b0 Implicit null exception at 0x000002abd840d644 to 0x000002abd840dd30
Event: 84.290 Thread 0x000002abe64aa3d0 Exception <a 'java/lang/ClassNotFoundException'{0x00000000868cb698}: build_924vgdpjdc51b19dpj3tuimmBeanInfo> (0x00000000868cb698) 
thrown [s\open\src\hotspot\share\classfile\systemDictionary.cpp, line 256]
Event: 84.291 Thread 0x000002abe64aa3d0 Exception <a 'java/lang/ClassNotFoundException'{0x00000000868d29d8}: build_924vgdpjdc51b19dpj3tuimmCustomizer> (0x00000000868d29d8) 
thrown [s\open\src\hotspot\share\classfile\systemDictionary.cpp, line 256]
Event: 85.362 Thread 0x000002abe64aa3d0 Exception <a 'java/lang/ClassNotFoundException'{0x000000008841ad50}: org/gradle/api/internal/plugins/DefaultObjectConfigurationActionBeanInfo> (0x000000008841ad50) 
thrown [s\open\src\hotspot\share\classfile\systemDictionary.cpp, line 256]
Event: 85.368 Thread 0x000002abe64aa3d0 Exception <a 'java/lang/ClassNotFoundException'{0x000000008842f278}: org/gradle/api/internal/plugins/DefaultObjectConfigurationActionCustomizer> (0x000000008842f278) 
thrown [s\open\src\hotspot\share\classfile\systemDictionary.cpp, line 256]
Event: 85.508 Thread 0x000002abe64aa3d0 Exception <a 'java/lang/ClassNotFoundException'{0x000000008837b548}: build_4yytu8x6sxhkt5vmo1hq7flmBeanInfo> (0x000000008837b548) 
thrown [s\open\src\hotspot\share\classfile\systemDictionary.cpp, line 256]
Event: 85.511 Thread 0x000002abe64aa3d0 Exception <a 'java/lang/ClassNotFoundException'{0x0000000088388700}: build_4yytu8x6sxhkt5vmo1hq7flmCustomizer> (0x0000000088388700) 
thrown [s\open\src\hotspot\share\classfile\systemDictionary.cpp, line 256]
Event: 90.522 Thread 0x000002abe64aa3d0 Implicit null exception at 0x000002abd808c80c to 0x000002abd808c93e
Event: 90.728 Thread 0x000002abe64aa3d0 Implicit null exception at 0x000002abd843e44a to 0x000002abd843ec8e
Event: 90.927 Thread 0x000002abe64aa3d0 Exception <a 'sun/nio/fs/WindowsException'{0x0000000089220d68}> (0x0000000089220d68) 
thrown [s\open\src\hotspot\share\prims\jni.cpp, line 516]

VM Operations (20 events):
Event: 88.472 Executing VM operation: G1CollectForAllocation done
Event: 88.720 Executing VM operation: G1Concurrent
Event: 88.735 Executing VM operation: G1Concurrent done
Event: 88.828 Executing VM operation: G1Concurrent
Event: 88.828 Executing VM operation: G1Concurrent done
Event: 89.836 Executing VM operation: Cleanup
Event: 89.851 Executing VM operation: Cleanup done
Event: 90.390 Executing VM operation: HandshakeAllThreads
Event: 90.390 Executing VM operation: HandshakeAllThreads done
Event: 90.778 Executing VM operation: G1CollectForAllocation
Event: 90.790 Executing VM operation: G1CollectForAllocation done
Event: 90.821 Executing VM operation: G1CollectForAllocation
Event: 90.844 Executing VM operation: G1CollectForAllocation done
Event: 91.906 Executing VM operation: Cleanup
Event: 91.908 Executing VM operation: Cleanup done
Event: 92.935 Executing VM operation: Cleanup
Event: 94.072 Executing VM operation: Cleanup done
Event: 95.081 Executing VM operation: Cleanup
Event: 95.158 Executing VM operation: Cleanup done
Event: 96.120 Executing VM operation: G1CollectForAllocation

Events (20 events):
Event: 90.738 loading class java/security/interfaces/ECKey
Event: 90.738 loading class java/security/interfaces/ECKey done
Event: 90.738 loading class java/security/interfaces/XECKey
Event: 90.738 loading class java/security/interfaces/XECKey done
Event: 90.738 loading class sun/security/util/KeyUtil
Event: 90.739 loading class sun/security/util/KeyUtil done
Event: 90.739 loading class sun/security/util/Length
Event: 90.739 loading class sun/security/util/Length done
Event: 90.739 loading class javax/crypto/SecretKey
Event: 90.739 loading class javax/crypto/SecretKey done
Event: 90.741 loading class java/util/Base64
Event: 90.742 loading class java/util/Base64 done
Event: 90.742 loading class java/util/Base64$Decoder
Event: 90.743 loading class java/util/Base64$Decoder done
Event: 90.743 loading class java/util/Base64$Encoder
Event: 90.743 loading class java/util/Base64$Encoder done
Event: 90.749 loading class java/util/jar/JarVerifier$VerifierStream
Event: 90.749 loading class java/util/jar/JarVerifier$VerifierStream done
Event: 90.749 loading class sun/security/util/ManifestEntryVerifier$SunProviderHolder
Event: 90.750 loading class sun/security/util/ManifestEntryVerifier$SunProviderHolder done


Dynamic libraries:
0x00007ff765940000 - 0x00007ff765950000 	C:\Program Files\Java\jdk-17\bin\java.exe
0x00007ffbfb590000 - 0x00007ffbfb7a7000 	C:\WINDOWS\SYSTEM32\ntdll.dll
0x00007ffbbf830000 - 0x00007ffbbf84a000 	C:\Program Files\Avast Software\Avast\aswhook.dll
0x00007ffbf9f70000 - 0x00007ffbfa034000 	C:\WINDOWS\System32\KERNEL32.DLL
0x00007ffbf8ce0000 - 0x00007ffbf909a000 	C:\WINDOWS\System32\KERNELBASE.dll
0x00007ffbf8b90000 - 0x00007ffbf8ca1000 	C:\WINDOWS\System32\ucrtbase.dll
0x00007ffbd2f30000 - 0x00007ffbd2f49000 	C:\Program Files\Java\jdk-17\bin\jli.dll
0x00007ffbca670000 - 0x00007ffbca68b000 	C:\Program Files\Java\jdk-17\bin\VCRUNTIME140.dll
0x00007ffbfae30000 - 0x00007ffbfaee2000 	C:\WINDOWS\System32\ADVAPI32.dll
0x00007ffbf9ad0000 - 0x00007ffbf9b77000 	C:\WINDOWS\System32\msvcrt.dll
0x00007ffbf9830000 - 0x00007ffbf98d7000 	C:\WINDOWS\System32\sechost.dll
0x00007ffbf8cb0000 - 0x00007ffbf8cd8000 	C:\WINDOWS\System32\bcrypt.dll
0x00007ffbf9df0000 - 0x00007ffbf9f04000 	C:\WINDOWS\System32\RPCRT4.dll
0x00007ffbf98e0000 - 0x00007ffbf9a8e000 	C:\WINDOWS\System32\USER32.dll
0x00007ffbf91e0000 - 0x00007ffbf9206000 	C:\WINDOWS\System32\win32u.dll
0x00007ffbfa3b0000 - 0x00007ffbfa3d9000 	C:\WINDOWS\System32\GDI32.dll
0x00007ffbe3860000 - 0x00007ffbe3af2000 	C:\WINDOWS\WinSxS\amd64_microsoft.windows.common-controls_6595b64144ccf1df_6.0.22621.4541_none_2710d1c57384c085\COMCTL32.dll
0x00007ffbf8a70000 - 0x00007ffbf8b8b000 	C:\WINDOWS\System32\gdi32full.dll
0x00007ffbf89d0000 - 0x00007ffbf8a6a000 	C:\WINDOWS\System32\msvcp_win.dll
0x00007ffbf2850000 - 0x00007ffbf285a000 	C:\WINDOWS\SYSTEM32\VERSION.dll
0x00007ffbf9a90000 - 0x00007ffbf9ac1000 	C:\WINDOWS\System32\IMM32.DLL
0x00007ffbde9e0000 - 0x00007ffbde9ec000 	C:\Program Files\Java\jdk-17\bin\vcruntime140_1.dll
0x00007ffb6ab30000 - 0x00007ffb6abbe000 	C:\Program Files\Java\jdk-17\bin\msvcp140.dll
0x00007ffb54b10000 - 0x00007ffb556f0000 	C:\Program Files\Java\jdk-17\bin\server\jvm.dll
0x00007ffbfaf10000 - 0x00007ffbfaf18000 	C:\WINDOWS\System32\PSAPI.DLL
0x00007ffbe4c90000 - 0x00007ffbe4c99000 	C:\WINDOWS\SYSTEM32\WSOCK32.dll
0x00007ffbf2dc0000 - 0x00007ffbf2df4000 	C:\WINDOWS\SYSTEM32\WINMM.dll
0x00007ffbfa0c0000 - 0x00007ffbfa131000 	C:\WINDOWS\System32\WS2_32.dll
0x00007ffbf78a0000 - 0x00007ffbf78b8000 	C:\WINDOWS\SYSTEM32\kernel.appcore.dll
0x00007ffbde6d0000 - 0x00007ffbde6da000 	C:\Program Files\Java\jdk-17\bin\jimage.dll
0x00007ffbf61c0000 - 0x00007ffbf63f2000 	C:\WINDOWS\SYSTEM32\DBGHELP.DLL
0x00007ffbf9290000 - 0x00007ffbf961f000 	C:\WINDOWS\System32\combase.dll
0x00007ffbfa160000 - 0x00007ffbfa237000 	C:\WINDOWS\System32\OLEAUT32.dll
0x00007ffbef5d0000 - 0x00007ffbef602000 	C:\WINDOWS\SYSTEM32\dbgcore.DLL
0x00007ffbf9160000 - 0x00007ffbf91db000 	C:\WINDOWS\System32\bcryptPrimitives.dll
0x00007ffbf4260000 - 0x00007ffbf426e000 	C:\Program Files\Java\jdk-17\bin\instrument.dll
0x00007ffb7d310000 - 0x00007ffb7d335000 	C:\Program Files\Java\jdk-17\bin\java.dll
0x00007ffb6a610000 - 0x00007ffb6a6e7000 	C:\Program Files\Java\jdk-17\bin\jsvml.dll
0x00007ffbfa3f0000 - 0x00007ffbfac68000 	C:\WINDOWS\System32\SHELL32.dll
0x00007ffbf67a0000 - 0x00007ffbf70a8000 	C:\WINDOWS\SYSTEM32\windows.storage.dll
0x00007ffbf6660000 - 0x00007ffbf679f000 	C:\WINDOWS\SYSTEM32\wintypes.dll
0x00007ffbfac70000 - 0x00007ffbfad6a000 	C:\WINDOWS\System32\SHCORE.dll
0x00007ffbf9620000 - 0x00007ffbf967e000 	C:\WINDOWS\System32\shlwapi.dll
0x00007ffbf8790000 - 0x00007ffbf87bb000 	C:\WINDOWS\SYSTEM32\profapi.dll
0x00007ffbacc40000 - 0x00007ffbacc58000 	C:\Program Files\Java\jdk-17\bin\zip.dll
0x00007ffbc41d0000 - 0x00007ffbc41e9000 	C:\Program Files\Java\jdk-17\bin\net.dll
0x00007ffbf2200000 - 0x00007ffbf2336000 	C:\WINDOWS\SYSTEM32\WINHTTP.dll
0x00007ffbf7dc0000 - 0x00007ffbf7e29000 	C:\WINDOWS\system32\mswsock.dll
0x00007ffbacdf0000 - 0x00007ffbace06000 	C:\Program Files\Java\jdk-17\bin\nio.dll
0x00007ffbd5bd0000 - 0x00007ffbd5be0000 	C:\Program Files\Java\jdk-17\bin\verify.dll
0x00007ffbbaeb0000 - 0x00007ffbbaed7000 	C:\Users\ASUS\.gradle\native\c067742578af261105cb4f569cf0c3c89f3d7b1fecec35dd04571415982c5e48\windows-amd64\native-platform.dll
0x00007ffbd5ea0000 - 0x00007ffbd5fe4000 	C:\Users\ASUS\.gradle\native\100fb08df4bc3b14c8652ba06237920a3bd2aa13389f12d3474272988ae205f9\windows-amd64\native-platform-file-events.dll
0x00007ffbe8580000 - 0x00007ffbe858a000 	C:\Program Files\Java\jdk-17\bin\management.dll
0x00007ffbe2690000 - 0x00007ffbe269b000 	C:\Program Files\Java\jdk-17\bin\management_ext.dll
0x00007ffbf8060000 - 0x00007ffbf807b000 	C:\WINDOWS\SYSTEM32\CRYPTSP.dll
0x00007ffbf7800000 - 0x00007ffbf7835000 	C:\WINDOWS\system32\rsaenh.dll
0x00007ffbf7f00000 - 0x00007ffbf7f28000 	C:\WINDOWS\SYSTEM32\USERENV.dll
0x00007ffbf8080000 - 0x00007ffbf808c000 	C:\WINDOWS\SYSTEM32\CRYPTBASE.dll
0x00007ffbf7310000 - 0x00007ffbf733d000 	C:\WINDOWS\SYSTEM32\IPHLPAPI.DLL
0x00007ffbfa3e0000 - 0x00007ffbfa3e9000 	C:\WINDOWS\System32\NSI.dll
0x00007ffbf2120000 - 0x00007ffbf2139000 	C:\WINDOWS\SYSTEM32\dhcpcsvc6.DLL
0x00007ffbf2100000 - 0x00007ffbf211f000 	C:\WINDOWS\SYSTEM32\dhcpcsvc.DLL
0x00007ffbf7380000 - 0x00007ffbf7482000 	C:\WINDOWS\SYSTEM32\DNSAPI.dll
0x00007ffbf4250000 - 0x00007ffbf425e000 	C:\Program Files\Java\jdk-17\bin\sunmscapi.dll
0x00007ffbf8860000 - 0x00007ffbf89c6000 	C:\WINDOWS\System32\CRYPT32.dll
0x00007ffbf8220000 - 0x00007ffbf824d000 	C:\WINDOWS\SYSTEM32\ncrypt.dll
0x00007ffbf81e0000 - 0x00007ffbf8217000 	C:\WINDOWS\SYSTEM32\NTASN1.dll
0x00007ffbe0660000 - 0x00007ffbe0668000 	C:\WINDOWS\system32\wshunix.dll
0x00007ffbd2de0000 - 0x00007ffbd2df7000 	C:\WINDOWS\system32\napinsp.dll
0x00007ffbd2aa0000 - 0x00007ffbd2abb000 	C:\WINDOWS\system32\pnrpnsp.dll
0x00007ffbd2a80000 - 0x00007ffbd2a91000 	C:\WINDOWS\System32\winrnr.dll
0x00007ffbd2a60000 - 0x00007ffbd2a75000 	C:\WINDOWS\system32\wshbth.dll
0x00007ffbd2a30000 - 0x00007ffbd2a57000 	C:\WINDOWS\system32\nlansp_c.dll
0x00007ffbe3850000 - 0x00007ffbe385a000 	C:\Windows\System32\rasadhlp.dll
0x00007ffbef540000 - 0x00007ffbef5c3000 	C:\WINDOWS\System32\fwpuclnt.dll
0x00007ffbf50a0000 - 0x00007ffbf5137000 	C:\WINDOWS\system32\apphelp.dll

dbghelp: loaded successfully - version: 4.0.5 - missing functions: none
symbol engine: initialized successfully - sym options: 0x614 - pdb path: .;C:\Program Files\Java\jdk-17\bin;C:\WINDOWS\SYSTEM32;C:\Program Files\Avast Software\Avast;C:\WINDOWS\WinSxS\amd64_microsoft.windows.common-controls_6595b64144ccf1df_6.0.22621.4541_none_2710d1c57384c085;C:\Program Files\Java\jdk-17\bin\server;C:\Users\ASUS\.gradle\native\c067742578af261105cb4f569cf0c3c89f3d7b1fecec35dd04571415982c5e48\windows-amd64;C:\Users\ASUS\.gradle\native\100fb08df4bc3b14c8652ba06237920a3bd2aa13389f12d3474272988ae205f9\windows-amd64

VM Arguments:
jvm_args: -XX:MaxMetaspaceSize=512m --add-opens=java.base/java.util=ALL-UNNAMED --add-opens=java.base/java.lang=ALL-UNNAMED --add-opens=java.base/java.lang.invoke=ALL-UNNAMED --add-opens=java.prefs/java.util.prefs=ALL-UNNAMED --add-exports=jdk.compiler/com.sun.tools.javac.api=ALL-UNNAMED --add-exports=jdk.compiler/com.sun.tools.javac.util=ALL-UNNAMED --add-opens=java.base/java.nio.charset=ALL-UNNAMED --add-opens=java.base/java.net=ALL-UNNAMED --add-opens=java.base/java.util.concurrent.atomic=ALL-UNNAMED -Xmx2048m -Dfile.encoding=windows-1252 -Duser.country=US -Duser.language=en -Duser.variant -javaagent:C:\Users\ASUS\.gradle\wrapper\dists\gradle-8.10.2-all\7iv73wktx1xtkvlq19urqw1wm\gradle-8.10.2\lib\agents\gradle-instrumentation-agent-8.10.2.jar 
java_command: org.gradle.launcher.daemon.bootstrap.GradleDaemon 8.10.2
java_class_path (initial): C:\Users\ASUS\.gradle\wrapper\dists\gradle-8.10.2-all\7iv73wktx1xtkvlq19urqw1wm\gradle-8.10.2\lib\gradle-daemon-main-8.10.2.jar
Launcher Type: SUN_STANDARD

[Global flags]
     intx CICompilerCount                          = 3                                         {product} {ergonomic}
   size_t CompressedClassSpaceSize                 = 436207616                                 {product} {ergonomic}
     uint ConcGCThreads                            = 1                                         {product} {ergonomic}
     uint G1ConcRefinementThreads                  = 4                                         {product} {ergonomic}
   size_t G1HeapRegionSize                         = 1048576                                   {product} {ergonomic}
    uintx GCDrainStackTargetSize                   = 64                                        {product} {ergonomic}
   size_t InitialHeapSize                          = 65011712                                  {product} {ergonomic}
   size_t MarkStackSize                            = 4194304                                   {product} {ergonomic}
   size_t MaxHeapSize                              = 2147483648                                {product} {command line}
   size_t MaxMetaspaceSize                         = 536870912                                 {product} {command line}
   size_t MaxNewSize                               = 1287651328                                {product} {ergonomic}
   size_t MinHeapDeltaBytes                        = 1048576                                   {product} {ergonomic}
   size_t MinHeapSize                              = 8388608                                   {product} {ergonomic}
    uintx NonNMethodCodeHeapSize                   = 5832780                                {pd product} {ergonomic}
    uintx NonProfiledCodeHeapSize                  = 122912730                              {pd product} {ergonomic}
    uintx ProfiledCodeHeapSize                     = 122912730                              {pd product} {ergonomic}
    uintx ReservedCodeCacheSize                    = 251658240                              {pd product} {ergonomic}
     bool SegmentedCodeCache                       = true                                      {product} {ergonomic}
   size_t SoftMaxHeapSize                          = 2147483648                             {manageable} {ergonomic}
     bool UseCompressedClassPointers               = true                           {product lp64_product} {ergonomic}
     bool UseCompressedOops                        = true                           {product lp64_product} {ergonomic}
     bool UseG1GC                                  = true                                      {product} {ergonomic}
     bool UseLargePagesIndividualAllocation        = false                                  {pd product} {ergonomic}

Logging:
Log output configuration:
 #0: stdout all=warning uptime,level,tags
 #1: stderr all=off uptime,level,tags

Environment Variables:
JAVA_HOME=C:\Program Files\Java\jdk-17
CLASSPATH=C:\Users\ASUS\C\android\\gradle\wrapper\gradle-wrapper.jar
PATH=C:\Users\ASUS\C\node_modules\.bin;C:\Users\ASUS\C\node_modules\.bin;C:\Users\ASUS\node_modules\.bin;C:\Users\node_modules\.bin;C:\node_modules\.bin;C:\Program Files\nodejs\node_modules\npm\node_modules\@npmcli\run-script\lib\node-gyp-bin;C:\Program Files\Microsoft\jdk-17.0.12.7-hotspot\bin;C:\Program Files (x86)\Common Files\Oracle\Java\java8path;C:\Program Files (x86)\Common Files\Oracle\Java\javapath;C:\ProgramData\Oracle\Java\javapath;C:\Windows\system32;C:\Windows;C:\Windows\System32\Wbem;C:\Windows\System32\WindowsPowerShell\v1.0\;C:\Windows\System32\OpenSSH\;C:\Program Files (x86)\NVIDIA Corporation\PhysX\Common;C:\WINDOWS\system32;C:\WINDOWS;C:\WINDOWS\System32\Wbem;C:\WINDOWS\System32\WindowsPowerShell\v1.0\;C:\WINDOWS\System32\OpenSSH\;C:\ProgramData\chocolatey\bin;C:\Program Files\nodejs\;C:\Users\ASUS\AppData\Local\Android\Sdk\platform-tools;C:\Program Files\Git\cmd;C:\Users\ASUS\AppData\Local\Android\Sdk\platform-tools;C:\Users\ASUS\AppData\Local\Android\Sdk\tools\bin;C:\Users\ASUS\AppData\Local\Programs\Python\Python310\Scripts\;C:\Users\ASUS\AppData\Local\Programs\Python\Python310\;C:\Users\ASUS\AppData\Local\Microsoft\WindowsApps;C:\Users\ASUS\Desktop\pengenalanBiodata\Microsoft VS Code\bin;C:\flutter\bin;C:\Users\ASUS\AppData\Roaming\npm;C:\Users\ASUS\AppData\Local\Android\Sdk\platform-tools;C:\Users\ASUS\AppData\Local\Android\Sdk\tools\bin;
USERNAME=ASUS
LANG=en_US.UTF-8
OS=Windows_NT
PROCESSOR_IDENTIFIER=Intel64 Family 6 Model 126 Stepping 5, GenuineIntel



---------------  S Y S T E M  ---------------

OS:
 Windows 11 , 64 bit Build 22621 (10.0.22621.4391)
OS uptime: 0 days 8:43 hours

CPU: total 4 (initial active 4) (2 cores per cpu, 2 threads per core) family 6 model 126 stepping 5 microcode 0xa6, cx8, cmov, fxsr, ht, mmx, 3dnowpref, sse, sse2, sse3, ssse3, sse4.1, sse4.2, popcnt, lzcnt, tsc, tscinvbit, avx, avx2, aes, erms, clmul, bmi1, bmi2, adx, avx512f, avx512dq, avx512cd, avx512bw, avx512vl, sha, fma, vzeroupper, avx512_vpopcntdq, avx512_vpclmulqdq, avx512_vaes, avx512_vnni, clflush, clflushopt, avx512_vbmi2, avx512_vbmi

Memory: 4k page, system-wide physical 3901M (307M free)
TotalPageFile size 15084M (AvailPageFile size 222M)
current process WorkingSet (physical memory assigned to process): 254M, peak: 281M
current process commit charge ("private bytes"): 420M, peak: 728M

vm_info: Java HotSpot(TM) 64-Bit Server VM (17.0.11+7-LTS-207) for windows-amd64 JRE (17.0.11+7-LTS-207), built on Mar 11 2024 19:01:50 by "mach5one" with MS VC++ 17.6 (VS2022)

END.
